EDA Netlist Writer report for final_project
Sat Dec 02 02:53:58 2017
Quartus Prime Version 17.0.0 Build 595 04/25/2017 SJ Lite Edition


---------------------
; Table of Contents ;
---------------------
  1. Legal Notice
  2. EDA Netlist Writer Summary
  3. EDA Netlist Writer Messages



----------------
; Legal Notice ;
----------------
Copyright (C) 2017  Intel Corporation. All rights reserved.
Your use of Intel Corporation's design tools, logic functions 
and other software and tools, and its AMPP partner logic 
functions, and any output files from any of the foregoing 
(including device programming or simulation files), and any 
associated documentation or information are expressly subject 
to the terms and conditions of the Intel Program License 
Subscription Agreement, the Intel Quartus Prime License Agreement,
the Intel MegaCore Function License Agreement, or other 
applicable license agreement, including, without limitation, 
that your use is for the sole purpose of programming logic 
devices manufactured by Intel and sold by Intel or its 
authorized distributors.  Please refer to the applicable 
agreement for further details.



+---------------------------------------------------------------+
; EDA Netlist Writer Summary                                    ;
+---------------------------+-----------------------------------+
; EDA Netlist Writer Status ; Failed - Sat Dec 02 02:53:58 2017 ;
; Revision Name             ; final_project                     ;
; Top-level Entity Name     ; final_project                     ;
; Family                    ; Cyclone IV GX                     ;
+---------------------------+-----------------------------------+


+-----------------------------+
; EDA Netlist Writer Messages ;
+-----------------------------+
Info: *******************************************************************
Info: Running Quartus Prime EDA Netlist Writer
    Info: Version 17.0.0 Build 595 04/25/2017 SJ Lite Edition
    Info: Processing started: Sat Dec 02 02:53:47 2017
Info: Command: quartus_eda --read_settings_files=off --write_settings_files=off final_project -c final_project
Warning (18236): Number of processors has not been specified which may cause overloading on shared machines.  Set the global assignment NUM_PARALLEL_PROCESSORS in your QSF to an appropriate value for best performance.
Error (204012): Can't generate netlist output files because the file "C:/Users/asus/Desktop/NSD_FINAL/final_tcp_hw/synthesis/submodules/altera_tse_mac_tx.v" is an OpenCore Plus time-limited file. Remove the unlicensed cores or obtain a license for those OpenCore Plus time-limited IP cores used in the design. The Intel FPGA Knowledge Database contains many articles with specific details on how to resolve this error. Visit the Knowledge Database at https://www.altera.com/support/support-resources/knowledge-base/search.html and search for this specific error message number.
Error (204012): Can't generate netlist output files because the file "C:/Users/asus/Desktop/NSD_FINAL/final_tcp_hw/synthesis/submodules/altera_tse_dpram_16x32.v" is an OpenCore Plus time-limited file. Remove the unlicensed cores or obtain a license for those OpenCore Plus time-limited IP cores used in the design. The Intel FPGA Knowledge Database contains many articles with specific details on how to resolve this error. Visit the Knowledge Database at https://www.altera.com/support/support-resources/knowledge-base/search.html and search for this specific error message number.
Error (204012): Can't generate netlist output files because the file "C:/Users/asus/Desktop/NSD_FINAL/final_tcp_hw/synthesis/submodules/altera_tse_crc32galois8.v" is an OpenCore Plus time-limited file. Remove the unlicensed cores or obtain a license for those OpenCore Plus time-limited IP cores used in the design. The Intel FPGA Knowledge Database contains many articles with specific details on how to resolve this error. Visit the Knowledge Database at https://www.altera.com/support/support-resources/knowledge-base/search.html and search for this specific error message number.
Error (204012): Can't generate netlist output files because the file "C:/Users/asus/Desktop/NSD_FINAL/final_tcp_hw/synthesis/submodules/altera_tse_gray_cnt.v" is an OpenCore Plus time-limited file. Remove the unlicensed cores or obtain a license for those OpenCore Plus time-limited IP cores used in the design. The Intel FPGA Knowledge Database contains many articles with specific details on how to resolve this error. Visit the Knowledge Database at https://www.altera.com/support/support-resources/knowledge-base/search.html and search for this specific error message number.
Error (204012): Can't generate netlist output files because the file "C:/Users/asus/Desktop/NSD_FINAL/final_tcp_hw/synthesis/submodules/altera_tse_crc328generator.v" is an OpenCore Plus time-limited file. Remove the unlicensed cores or obtain a license for those OpenCore Plus time-limited IP cores used in the design. The Intel FPGA Knowledge Database contains many articles with specific details on how to resolve this error. Visit the Knowledge Database at https://www.altera.com/support/support-resources/knowledge-base/search.html and search for this specific error message number.
Error (204012): Can't generate netlist output files because the file "C:/Users/asus/Desktop/NSD_FINAL/final_tcp_hw/synthesis/submodules/altera_tse_clock_crosser.v" is an OpenCore Plus time-limited file. Remove the unlicensed cores or obtain a license for those OpenCore Plus time-limited IP cores used in the design. The Intel FPGA Knowledge Database contains many articles with specific details on how to resolve this error. Visit the Knowledge Database at https://www.altera.com/support/support-resources/knowledge-base/search.html and search for this specific error message number.
Error (204012): Can't generate netlist output files because the file "C:/Users/asus/Desktop/NSD_FINAL/final_tcp_hw/synthesis/submodules/altera_tse_tx_min_ff.v" is an OpenCore Plus time-limited file. Remove the unlicensed cores or obtain a license for those OpenCore Plus time-limited IP cores used in the design. The Intel FPGA Knowledge Database contains many articles with specific details on how to resolve this error. Visit the Knowledge Database at https://www.altera.com/support/support-resources/knowledge-base/search.html and search for this specific error message number.
Error (204012): Can't generate netlist output files because the file "C:/Users/asus/Desktop/NSD_FINAL/final_tcp_hw/synthesis/submodules/altera_tse_gmii_io.v" is an OpenCore Plus time-limited file. Remove the unlicensed cores or obtain a license for those OpenCore Plus time-limited IP cores used in the design. The Intel FPGA Knowledge Database contains many articles with specific details on how to resolve this error. Visit the Knowledge Database at https://www.altera.com/support/support-resources/knowledge-base/search.html and search for this specific error message number.
Error (204012): Can't generate netlist output files because the file "C:/Users/asus/Desktop/NSD_FINAL/final_tcp_hw/synthesis/submodules/altera_tse_mac_rx.v" is an OpenCore Plus time-limited file. Remove the unlicensed cores or obtain a license for those OpenCore Plus time-limited IP cores used in the design. The Intel FPGA Knowledge Database contains many articles with specific details on how to resolve this error. Visit the Knowledge Database at https://www.altera.com/support/support-resources/knowledge-base/search.html and search for this specific error message number.
Error (204012): Can't generate netlist output files because the file "C:/Users/asus/Desktop/NSD_FINAL/final_tcp_hw/synthesis/submodules/altera_eth_tse_mac.v" is an OpenCore Plus time-limited file. Remove the unlicensed cores or obtain a license for those OpenCore Plus time-limited IP cores used in the design. The Intel FPGA Knowledge Database contains many articles with specific details on how to resolve this error. Visit the Knowledge Database at https://www.altera.com/support/support-resources/knowledge-base/search.html and search for this specific error message number.
Error (204012): Can't generate netlist output files because the file "C:/Users/asus/Desktop/NSD_FINAL/final_tcp_hw/synthesis/submodules/altera_tse_crc32ctl8.v" is an OpenCore Plus time-limited file. Remove the unlicensed cores or obtain a license for those OpenCore Plus time-limited IP cores used in the design. The Intel FPGA Knowledge Database contains many articles with specific details on how to resolve this error. Visit the Knowledge Database at https://www.altera.com/support/support-resources/knowledge-base/search.html and search for this specific error message number.
Error (204012): Can't generate netlist output files because the file "C:/Users/asus/Desktop/NSD_FINAL/final_tcp_hw/synthesis/submodules/altera_tse_mdio_cntl.v" is an OpenCore Plus time-limited file. Remove the unlicensed cores or obtain a license for those OpenCore Plus time-limited IP cores used in the design. The Intel FPGA Knowledge Database contains many articles with specific details on how to resolve this error. Visit the Knowledge Database at https://www.altera.com/support/support-resources/knowledge-base/search.html and search for this specific error message number.
Error (204012): Can't generate netlist output files because the file "C:/Users/asus/Desktop/NSD_FINAL/final_tcp_hw/synthesis/submodules/altera_tse_host_control.v" is an OpenCore Plus time-limited file. Remove the unlicensed cores or obtain a license for those OpenCore Plus time-limited IP cores used in the design. The Intel FPGA Knowledge Database contains many articles with specific details on how to resolve this error. Visit the Knowledge Database at https://www.altera.com/support/support-resources/knowledge-base/search.html and search for this specific error message number.
Error (204012): Can't generate netlist output files because the file "C:/Users/asus/Desktop/NSD_FINAL/final_tcp_hw/synthesis/submodules/altera_tse_mdio.v" is an OpenCore Plus time-limited file. Remove the unlicensed cores or obtain a license for those OpenCore Plus time-limited IP cores used in the design. The Intel FPGA Knowledge Database contains many articles with specific details on how to resolve this error. Visit the Knowledge Database at https://www.altera.com/support/support-resources/knowledge-base/search.html and search for this specific error message number.
Error (204012): Can't generate netlist output files because the file "C:/Users/asus/Desktop/NSD_FINAL/final_tcp_hw/synthesis/submodules/altera_tse_tx_stat_extract.v" is an OpenCore Plus time-limited file. Remove the unlicensed cores or obtain a license for those OpenCore Plus time-limited IP cores used in the design. The Intel FPGA Knowledge Database contains many articles with specific details on how to resolve this error. Visit the Knowledge Database at https://www.altera.com/support/support-resources/knowledge-base/search.html and search for this specific error message number.
Error (204012): Can't generate netlist output files because the file "C:/Users/asus/Desktop/NSD_FINAL/final_tcp_hw/synthesis/submodules/final_tcp_hw_nios2_cpu.v" is an OpenCore Plus time-limited file. Remove the unlicensed cores or obtain a license for those OpenCore Plus time-limited IP cores used in the design. The Intel FPGA Knowledge Database contains many articles with specific details on how to resolve this error. Visit the Knowledge Database at https://www.altera.com/support/support-resources/knowledge-base/search.html and search for this specific error message number.
Error (204012): Can't generate netlist output files because the file "C:/Users/asus/Desktop/NSD_FINAL/final_tcp_hw/synthesis/submodules/altera_tse_dpram_8x32.v" is an OpenCore Plus time-limited file. Remove the unlicensed cores or obtain a license for those OpenCore Plus time-limited IP cores used in the design. The Intel FPGA Knowledge Database contains many articles with specific details on how to resolve this error. Visit the Knowledge Database at https://www.altera.com/support/support-resources/knowledge-base/search.html and search for this specific error message number.
Error (204012): Can't generate netlist output files because the file "C:/Users/asus/Desktop/NSD_FINAL/final_tcp_hw/synthesis/submodules/altera_tse_bin_cnt.v" is an OpenCore Plus time-limited file. Remove the unlicensed cores or obtain a license for those OpenCore Plus time-limited IP cores used in the design. The Intel FPGA Knowledge Database contains many articles with specific details on how to resolve this error. Visit the Knowledge Database at https://www.altera.com/support/support-resources/knowledge-base/search.html and search for this specific error message number.
Error (204012): Can't generate netlist output files because the file "C:/Users/asus/Desktop/NSD_FINAL/final_tcp_hw/synthesis/submodules/altera_tse_mii_tx_if.v" is an OpenCore Plus time-limited file. Remove the unlicensed cores or obtain a license for those OpenCore Plus time-limited IP cores used in the design. The Intel FPGA Knowledge Database contains many articles with specific details on how to resolve this error. Visit the Knowledge Database at https://www.altera.com/support/support-resources/knowledge-base/search.html and search for this specific error message number.
Error (204012): Can't generate netlist output files because the file "C:/Users/asus/Desktop/NSD_FINAL/final_tcp_hw/synthesis/submodules/altera_tse_rx_stat_extract.v" is an OpenCore Plus time-limited file. Remove the unlicensed cores or obtain a license for those OpenCore Plus time-limited IP cores used in the design. The Intel FPGA Knowledge Database contains many articles with specific details on how to resolve this error. Visit the Knowledge Database at https://www.altera.com/support/support-resources/knowledge-base/search.html and search for this specific error message number.
Error (204012): Can't generate netlist output files because the file "C:/Users/asus/Desktop/NSD_FINAL/final_tcp_hw/synthesis/submodules/altera_tse_a_fifo_opt_1246.v" is an OpenCore Plus time-limited file. Remove the unlicensed cores or obtain a license for those OpenCore Plus time-limited IP cores used in the design. The Intel FPGA Knowledge Database contains many articles with specific details on how to resolve this error. Visit the Knowledge Database at https://www.altera.com/support/support-resources/knowledge-base/search.html and search for this specific error message number.
Error (204012): Can't generate netlist output files because the file "C:/Users/asus/Desktop/NSD_FINAL/final_tcp_hw/synthesis/submodules/altera_tse_register_map.v" is an OpenCore Plus time-limited file. Remove the unlicensed cores or obtain a license for those OpenCore Plus time-limited IP cores used in the design. The Intel FPGA Knowledge Database contains many articles with specific details on how to resolve this error. Visit the Knowledge Database at https://www.altera.com/support/support-resources/knowledge-base/search.html and search for this specific error message number.
Error (204012): Can't generate netlist output files because the file "C:/Users/asus/Desktop/NSD_FINAL/final_tcp_hw/synthesis/submodules/altera_tse_clk_cntl.v" is an OpenCore Plus time-limited file. Remove the unlicensed cores or obtain a license for those OpenCore Plus time-limited IP cores used in the design. The Intel FPGA Knowledge Database contains many articles with specific details on how to resolve this error. Visit the Knowledge Database at https://www.altera.com/support/support-resources/knowledge-base/search.html and search for this specific error message number.
Error (204012): Can't generate netlist output files because the file "C:/Users/asus/Desktop/NSD_FINAL/final_tcp_hw/synthesis/submodules/altera_tse_mdio_clk_gen.v" is an OpenCore Plus time-limited file. Remove the unlicensed cores or obtain a license for those OpenCore Plus time-limited IP cores used in the design. The Intel FPGA Knowledge Database contains many articles with specific details on how to resolve this error. Visit the Knowledge Database at https://www.altera.com/support/support-resources/knowledge-base/search.html and search for this specific error message number.
Error (204012): Can't generate netlist output files because the file "C:/Users/asus/Desktop/NSD_FINAL/final_tcp_hw/synthesis/submodules/altera_tse_lfsr_10.v" is an OpenCore Plus time-limited file. Remove the unlicensed cores or obtain a license for those OpenCore Plus time-limited IP cores used in the design. The Intel FPGA Knowledge Database contains many articles with specific details on how to resolve this error. Visit the Knowledge Database at https://www.altera.com/support/support-resources/knowledge-base/search.html and search for this specific error message number.
Error (204012): Can't generate netlist output files because the file "C:/Users/asus/Desktop/NSD_FINAL/final_tcp_hw/synthesis/submodules/altera_tse_a_fifo_34.v" is an OpenCore Plus time-limited file. Remove the unlicensed cores or obtain a license for those OpenCore Plus time-limited IP cores used in the design. The Intel FPGA Knowledge Database contains many articles with specific details on how to resolve this error. Visit the Knowledge Database at https://www.altera.com/support/support-resources/knowledge-base/search.html and search for this specific error message number.
Error (204012): Can't generate netlist output files because the file "C:/Users/asus/Desktop/NSD_FINAL/final_tcp_hw/synthesis/submodules/altera_tse_altshifttaps.v" is an OpenCore Plus time-limited file. Remove the unlicensed cores or obtain a license for those OpenCore Plus time-limited IP cores used in the design. The Intel FPGA Knowledge Database contains many articles with specific details on how to resolve this error. Visit the Knowledge Database at https://www.altera.com/support/support-resources/knowledge-base/search.html and search for this specific error message number.
Error (204012): Can't generate netlist output files because the file "C:/Users/asus/Desktop/NSD_FINAL/final_tcp_hw/synthesis/submodules/altera_tse_rx_counter_cntl.v" is an OpenCore Plus time-limited file. Remove the unlicensed cores or obtain a license for those OpenCore Plus time-limited IP cores used in the design. The Intel FPGA Knowledge Database contains many articles with specific details on how to resolve this error. Visit the Knowledge Database at https://www.altera.com/support/support-resources/knowledge-base/search.html and search for this specific error message number.
Error (204012): Can't generate netlist output files because the file "C:/Users/asus/Desktop/NSD_FINAL/final_tcp_hw/synthesis/submodules/altera_tse_altsyncram_dpm_fifo.v" is an OpenCore Plus time-limited file. Remove the unlicensed cores or obtain a license for those OpenCore Plus time-limited IP cores used in the design. The Intel FPGA Knowledge Database contains many articles with specific details on how to resolve this error. Visit the Knowledge Database at https://www.altera.com/support/support-resources/knowledge-base/search.html and search for this specific error message number.
Error (204012): Can't generate netlist output files because the file "C:/Users/asus/Desktop/NSD_FINAL/final_tcp_hw/synthesis/submodules/altera_tse_tx_counter_cntl.v" is an OpenCore Plus time-limited file. Remove the unlicensed cores or obtain a license for those OpenCore Plus time-limited IP cores used in the design. The Intel FPGA Knowledge Database contains many articles with specific details on how to resolve this error. Visit the Knowledge Database at https://www.altera.com/support/support-resources/knowledge-base/search.html and search for this specific error message number.
Error (204012): Can't generate netlist output files because the file "C:/Users/asus/Desktop/NSD_FINAL/final_tcp_hw/synthesis/submodules/altera_tse_top_w_fifo.v" is an OpenCore Plus time-limited file. Remove the unlicensed cores or obtain a license for those OpenCore Plus time-limited IP cores used in the design. The Intel FPGA Knowledge Database contains many articles with specific details on how to resolve this error. Visit the Knowledge Database at https://www.altera.com/support/support-resources/knowledge-base/search.html and search for this specific error message number.
Error (204012): Can't generate netlist output files because the file "C:/Users/asus/Desktop/NSD_FINAL/final_tcp_hw/synthesis/submodules/altera_tse_crc328checker.v" is an OpenCore Plus time-limited file. Remove the unlicensed cores or obtain a license for those OpenCore Plus time-limited IP cores used in the design. The Intel FPGA Knowledge Database contains many articles with specific details on how to resolve this error. Visit the Knowledge Database at https://www.altera.com/support/support-resources/knowledge-base/search.html and search for this specific error message number.
Error (204012): Can't generate netlist output files because the file "C:/Users/asus/Desktop/NSD_FINAL/final_tcp_hw/synthesis/submodules/altera_tse_mii_rx_if.v" is an OpenCore Plus time-limited file. Remove the unlicensed cores or obtain a license for those OpenCore Plus time-limited IP cores used in the design. The Intel FPGA Knowledge Database contains many articles with specific details on how to resolve this error. Visit the Knowledge Database at https://www.altera.com/support/support-resources/knowledge-base/search.html and search for this specific error message number.
Error (204012): Can't generate netlist output files because the file "C:/Users/asus/Desktop/NSD_FINAL/final_tcp_hw/synthesis/submodules/altera_tse_top_1geth.v" is an OpenCore Plus time-limited file. Remove the unlicensed cores or obtain a license for those OpenCore Plus time-limited IP cores used in the design. The Intel FPGA Knowledge Database contains many articles with specific details on how to resolve this error. Visit the Knowledge Database at https://www.altera.com/support/support-resources/knowledge-base/search.html and search for this specific error message number.
Error (204012): Can't generate netlist output files because the file "C:/Users/asus/Desktop/NSD_FINAL/final_tcp_hw/synthesis/submodules/altera_tse_rx_min_ff.v" is an OpenCore Plus time-limited file. Remove the unlicensed cores or obtain a license for those OpenCore Plus time-limited IP cores used in the design. The Intel FPGA Knowledge Database contains many articles with specific details on how to resolve this error. Visit the Knowledge Database at https://www.altera.com/support/support-resources/knowledge-base/search.html and search for this specific error message number.
Error (204012): Can't generate netlist output files because the file "C:/Users/asus/Desktop/NSD_FINAL/final_tcp_hw/synthesis/submodules/altera_tse_mac_control.v" is an OpenCore Plus time-limited file. Remove the unlicensed cores or obtain a license for those OpenCore Plus time-limited IP cores used in the design. The Intel FPGA Knowledge Database contains many articles with specific details on how to resolve this error. Visit the Knowledge Database at https://www.altera.com/support/support-resources/knowledge-base/search.html and search for this specific error message number.
Error (204012): Can't generate netlist output files because the file "C:/Users/asus/Desktop/NSD_FINAL/final_tcp_hw/synthesis/submodules/altera_tse_top_w_fifo_10_100_1000.v" is an OpenCore Plus time-limited file. Remove the unlicensed cores or obtain a license for those OpenCore Plus time-limited IP cores used in the design. The Intel FPGA Knowledge Database contains many articles with specific details on how to resolve this error. Visit the Knowledge Database at https://www.altera.com/support/support-resources/knowledge-base/search.html and search for this specific error message number.
Error (204012): Can't generate netlist output files because the file "C:/Users/asus/Desktop/NSD_FINAL/final_tcp_hw/synthesis/submodules/altera_tse_a_fifo_13.v" is an OpenCore Plus time-limited file. Remove the unlicensed cores or obtain a license for those OpenCore Plus time-limited IP cores used in the design. The Intel FPGA Knowledge Database contains many articles with specific details on how to resolve this error. Visit the Knowledge Database at https://www.altera.com/support/support-resources/knowledge-base/search.html and search for this specific error message number.
Error (204012): Can't generate netlist output files because the file "C:/Users/asus/Desktop/NSD_FINAL/final_tcp_hw/synthesis/submodules/altera_tse_top_mdio.v" is an OpenCore Plus time-limited file. Remove the unlicensed cores or obtain a license for those OpenCore Plus time-limited IP cores used in the design. The Intel FPGA Knowledge Database contains many articles with specific details on how to resolve this error. Visit the Knowledge Database at https://www.altera.com/support/support-resources/knowledge-base/search.html and search for this specific error message number.
Error (204012): Can't generate netlist output files because the file "C:/Users/asus/Desktop/NSD_FINAL/final_tcp_hw/synthesis/submodules/altera_tse_retransmit_cntl.v" is an OpenCore Plus time-limited file. Remove the unlicensed cores or obtain a license for those OpenCore Plus time-limited IP cores used in the design. The Intel FPGA Knowledge Database contains many articles with specific details on how to resolve this error. Visit the Knowledge Database at https://www.altera.com/support/support-resources/knowledge-base/search.html and search for this specific error message number.
Error (204009): Can't generate netlist output files because the license for encrypted file "C:/Users/asus/Desktop/NSD_FINAL/final_tcp_hw/synthesis/submodules/altera_tse_mac_tx.v" is not available
Error (204009): Can't generate netlist output files because the license for encrypted file "C:/Users/asus/Desktop/NSD_FINAL/final_tcp_hw/synthesis/submodules/altera_tse_dpram_16x32.v" is not available
Error (204009): Can't generate netlist output files because the license for encrypted file "C:/Users/asus/Desktop/NSD_FINAL/final_tcp_hw/synthesis/submodules/altera_tse_crc32galois8.v" is not available
Error (204009): Can't generate netlist output files because the license for encrypted file "C:/Users/asus/Desktop/NSD_FINAL/final_tcp_hw/synthesis/submodules/altera_tse_gray_cnt.v" is not available
Error (204009): Can't generate netlist output files because the license for encrypted file "C:/Users/asus/Desktop/NSD_FINAL/final_tcp_hw/synthesis/submodules/altera_tse_crc328generator.v" is not available
Error (204009): Can't generate netlist output files because the license for encrypted file "C:/Users/asus/Desktop/NSD_FINAL/final_tcp_hw/synthesis/submodules/altera_tse_clock_crosser.v" is not available
Error (204009): Can't generate netlist output files because the license for encrypted file "C:/Users/asus/Desktop/NSD_FINAL/final_tcp_hw/synthesis/submodules/altera_tse_tx_min_ff.v" is not available
Error (204009): Can't generate netlist output files because the license for encrypted file "C:/Users/asus/Desktop/NSD_FINAL/final_tcp_hw/synthesis/submodules/altera_tse_gmii_io.v" is not available
Error (204009): Can't generate netlist output files because the license for encrypted file "C:/Users/asus/Desktop/NSD_FINAL/final_tcp_hw/synthesis/submodules/altera_tse_mac_rx.v" is not available
Error (204009): Can't generate netlist output files because the license for encrypted file "C:/Users/asus/Desktop/NSD_FINAL/final_tcp_hw/synthesis/submodules/altera_eth_tse_mac.v" is not available
Error (204009): Can't generate netlist output files because the license for encrypted file "C:/Users/asus/Desktop/NSD_FINAL/final_tcp_hw/synthesis/submodules/altera_tse_crc32ctl8.v" is not available
Error (204009): Can't generate netlist output files because the license for encrypted file "C:/Users/asus/Desktop/NSD_FINAL/final_tcp_hw/synthesis/submodules/altera_tse_mdio_cntl.v" is not available
Error (204009): Can't generate netlist output files because the license for encrypted file "C:/Users/asus/Desktop/NSD_FINAL/final_tcp_hw/synthesis/submodules/altera_tse_host_control.v" is not available
Error (204009): Can't generate netlist output files because the license for encrypted file "C:/Users/asus/Desktop/NSD_FINAL/final_tcp_hw/synthesis/submodules/altera_tse_mdio.v" is not available
Error (204009): Can't generate netlist output files because the license for encrypted file "C:/Users/asus/Desktop/NSD_FINAL/final_tcp_hw/synthesis/submodules/altera_tse_tx_stat_extract.v" is not available
Error (204009): Can't generate netlist output files because the license for encrypted file "C:/Users/asus/Desktop/NSD_FINAL/final_tcp_hw/synthesis/submodules/final_tcp_hw_nios2_cpu.v" is not available
Error (204009): Can't generate netlist output files because the license for encrypted file "C:/Users/asus/Desktop/NSD_FINAL/final_tcp_hw/synthesis/submodules/altera_tse_dpram_8x32.v" is not available
Error (204009): Can't generate netlist output files because the license for encrypted file "C:/Users/asus/Desktop/NSD_FINAL/final_tcp_hw/synthesis/submodules/altera_tse_bin_cnt.v" is not available
Error (204009): Can't generate netlist output files because the license for encrypted file "C:/Users/asus/Desktop/NSD_FINAL/final_tcp_hw/synthesis/submodules/altera_tse_mii_tx_if.v" is not available
Error (204009): Can't generate netlist output files because the license for encrypted file "C:/Users/asus/Desktop/NSD_FINAL/final_tcp_hw/synthesis/submodules/altera_tse_rx_stat_extract.v" is not available
Error (204009): Can't generate netlist output files because the license for encrypted file "C:/Users/asus/Desktop/NSD_FINAL/final_tcp_hw/synthesis/submodules/altera_tse_a_fifo_opt_1246.v" is not available
Error (204009): Can't generate netlist output files because the license for encrypted file "C:/Users/asus/Desktop/NSD_FINAL/final_tcp_hw/synthesis/submodules/altera_tse_register_map.v" is not available
Error (204009): Can't generate netlist output files because the license for encrypted file "C:/Users/asus/Desktop/NSD_FINAL/final_tcp_hw/synthesis/submodules/altera_tse_clk_cntl.v" is not available
Error (204009): Can't generate netlist output files because the license for encrypted file "C:/Users/asus/Desktop/NSD_FINAL/final_tcp_hw/synthesis/submodules/altera_tse_mdio_clk_gen.v" is not available
Error (204009): Can't generate netlist output files because the license for encrypted file "C:/Users/asus/Desktop/NSD_FINAL/final_tcp_hw/synthesis/submodules/altera_tse_lfsr_10.v" is not available
Error (204009): Can't generate netlist output files because the license for encrypted file "C:/Users/asus/Desktop/NSD_FINAL/final_tcp_hw/synthesis/submodules/altera_tse_a_fifo_34.v" is not available
Error (204009): Can't generate netlist output files because the license for encrypted file "C:/Users/asus/Desktop/NSD_FINAL/final_tcp_hw/synthesis/submodules/altera_tse_altshifttaps.v" is not available
Error (204009): Can't generate netlist output files because the license for encrypted file "C:/Users/asus/Desktop/NSD_FINAL/final_tcp_hw/synthesis/submodules/altera_tse_rx_counter_cntl.v" is not available
Error (204009): Can't generate netlist output files because the license for encrypted file "C:/Users/asus/Desktop/NSD_FINAL/final_tcp_hw/synthesis/submodules/altera_tse_altsyncram_dpm_fifo.v" is not available
Error (204009): Can't generate netlist output files because the license for encrypted file "C:/Users/asus/Desktop/NSD_FINAL/final_tcp_hw/synthesis/submodules/altera_tse_tx_counter_cntl.v" is not available
Error (204009): Can't generate netlist output files because the license for encrypted file "C:/Users/asus/Desktop/NSD_FINAL/final_tcp_hw/synthesis/submodules/altera_tse_top_w_fifo.v" is not available
Error (204009): Can't generate netlist output files because the license for encrypted file "C:/Users/asus/Desktop/NSD_FINAL/final_tcp_hw/synthesis/submodules/altera_tse_crc328checker.v" is not available
Error (204009): Can't generate netlist output files because the license for encrypted file "C:/Users/asus/Desktop/NSD_FINAL/final_tcp_hw/synthesis/submodules/altera_tse_mii_rx_if.v" is not available
Error (204009): Can't generate netlist output files because the license for encrypted file "C:/Users/asus/Desktop/NSD_FINAL/final_tcp_hw/synthesis/submodules/altera_tse_top_1geth.v" is not available
Error (204009): Can't generate netlist output files because the license for encrypted file "C:/Users/asus/Desktop/NSD_FINAL/final_tcp_hw/synthesis/submodules/altera_tse_rx_min_ff.v" is not available
Error (204009): Can't generate netlist output files because the license for encrypted file "C:/Users/asus/Desktop/NSD_FINAL/final_tcp_hw/synthesis/submodules/altera_tse_mac_control.v" is not available
Error (204009): Can't generate netlist output files because the license for encrypted file "C:/Users/asus/Desktop/NSD_FINAL/final_tcp_hw/synthesis/submodules/altera_tse_top_w_fifo_10_100_1000.v" is not available
Error (204009): Can't generate netlist output files because the license for encrypted file "C:/Users/asus/Desktop/NSD_FINAL/final_tcp_hw/synthesis/submodules/altera_tse_a_fifo_13.v" is not available
Error (204009): Can't generate netlist output files because the license for encrypted file "C:/Users/asus/Desktop/NSD_FINAL/final_tcp_hw/synthesis/submodules/altera_tse_top_mdio.v" is not available
Error (204009): Can't generate netlist output files because the license for encrypted file "C:/Users/asus/Desktop/NSD_FINAL/final_tcp_hw/synthesis/submodules/altera_tse_retransmit_cntl.v" is not available
Error (204012): Can't generate netlist output files because the file "C:/Users/asus/Desktop/NSD_FINAL/final_tcp_hw/synthesis/submodules/altera_tse_mac_tx.v" is an OpenCore Plus time-limited file. Remove the unlicensed cores or obtain a license for those OpenCore Plus time-limited IP cores used in the design. The Intel FPGA Knowledge Database contains many articles with specific details on how to resolve this error. Visit the Knowledge Database at https://www.altera.com/support/support-resources/knowledge-base/search.html and search for this specific error message number.
Error (204012): Can't generate netlist output files because the file "C:/Users/asus/Desktop/NSD_FINAL/final_tcp_hw/synthesis/submodules/altera_tse_dpram_16x32.v" is an OpenCore Plus time-limited file. Remove the unlicensed cores or obtain a license for those OpenCore Plus time-limited IP cores used in the design. The Intel FPGA Knowledge Database contains many articles with specific details on how to resolve this error. Visit the Knowledge Database at https://www.altera.com/support/support-resources/knowledge-base/search.html and search for this specific error message number.
Error (204012): Can't generate netlist output files because the file "C:/Users/asus/Desktop/NSD_FINAL/final_tcp_hw/synthesis/submodules/altera_tse_crc32galois8.v" is an OpenCore Plus time-limited file. Remove the unlicensed cores or obtain a license for those OpenCore Plus time-limited IP cores used in the design. The Intel FPGA Knowledge Database contains many articles with specific details on how to resolve this error. Visit the Knowledge Database at https://www.altera.com/support/support-resources/knowledge-base/search.html and search for this specific error message number.
Error (204012): Can't generate netlist output files because the file "C:/Users/asus/Desktop/NSD_FINAL/final_tcp_hw/synthesis/submodules/altera_tse_gray_cnt.v" is an OpenCore Plus time-limited file. Remove the unlicensed cores or obtain a license for those OpenCore Plus time-limited IP cores used in the design. The Intel FPGA Knowledge Database contains many articles with specific details on how to resolve this error. Visit the Knowledge Database at https://www.altera.com/support/support-resources/knowledge-base/search.html and search for this specific error message number.
Error (204012): Can't generate netlist output files because the file "C:/Users/asus/Desktop/NSD_FINAL/final_tcp_hw/synthesis/submodules/altera_tse_crc328generator.v" is an OpenCore Plus time-limited file. Remove the unlicensed cores or obtain a license for those OpenCore Plus time-limited IP cores used in the design. The Intel FPGA Knowledge Database contains many articles with specific details on how to resolve this error. Visit the Knowledge Database at https://www.altera.com/support/support-resources/knowledge-base/search.html and search for this specific error message number.
Error (204012): Can't generate netlist output files because the file "C:/Users/asus/Desktop/NSD_FINAL/final_tcp_hw/synthesis/submodules/altera_tse_clock_crosser.v" is an OpenCore Plus time-limited file. Remove the unlicensed cores or obtain a license for those OpenCore Plus time-limited IP cores used in the design. The Intel FPGA Knowledge Database contains many articles with specific details on how to resolve this error. Visit the Knowledge Database at https://www.altera.com/support/support-resources/knowledge-base/search.html and search for this specific error message number.
Error (204012): Can't generate netlist output files because the file "C:/Users/asus/Desktop/NSD_FINAL/final_tcp_hw/synthesis/submodules/altera_tse_tx_min_ff.v" is an OpenCore Plus time-limited file. Remove the unlicensed cores or obtain a license for those OpenCore Plus time-limited IP cores used in the design. The Intel FPGA Knowledge Database contains many articles with specific details on how to resolve this error. Visit the Knowledge Database at https://www.altera.com/support/support-resources/knowledge-base/search.html and search for this specific error message number.
Error (204012): Can't generate netlist output files because the file "C:/Users/asus/Desktop/NSD_FINAL/final_tcp_hw/synthesis/submodules/altera_tse_gmii_io.v" is an OpenCore Plus time-limited file. Remove the unlicensed cores or obtain a license for those OpenCore Plus time-limited IP cores used in the design. The Intel FPGA Knowledge Database contains many articles with specific details on how to resolve this error. Visit the Knowledge Database at https://www.altera.com/support/support-resources/knowledge-base/search.html and search for this specific error message number.
Error (204012): Can't generate netlist output files because the file "C:/Users/asus/Desktop/NSD_FINAL/final_tcp_hw/synthesis/submodules/altera_tse_mac_rx.v" is an OpenCore Plus time-limited file. Remove the unlicensed cores or obtain a license for those OpenCore Plus time-limited IP cores used in the design. The Intel FPGA Knowledge Database contains many articles with specific details on how to resolve this error. Visit the Knowledge Database at https://www.altera.com/support/support-resources/knowledge-base/search.html and search for this specific error message number.
Error (204012): Can't generate netlist output files because the file "C:/Users/asus/Desktop/NSD_FINAL/final_tcp_hw/synthesis/submodules/altera_eth_tse_mac.v" is an OpenCore Plus time-limited file. Remove the unlicensed cores or obtain a license for those OpenCore Plus time-limited IP cores used in the design. The Intel FPGA Knowledge Database contains many articles with specific details on how to resolve this error. Visit the Knowledge Database at https://www.altera.com/support/support-resources/knowledge-base/search.html and search for this specific error message number.
Error (204012): Can't generate netlist output files because the file "C:/Users/asus/Desktop/NSD_FINAL/final_tcp_hw/synthesis/submodules/altera_tse_crc32ctl8.v" is an OpenCore Plus time-limited file. Remove the unlicensed cores or obtain a license for those OpenCore Plus time-limited IP cores used in the design. The Intel FPGA Knowledge Database contains many articles with specific details on how to resolve this error. Visit the Knowledge Database at https://www.altera.com/support/support-resources/knowledge-base/search.html and search for this specific error message number.
Error (204012): Can't generate netlist output files because the file "C:/Users/asus/Desktop/NSD_FINAL/final_tcp_hw/synthesis/submodules/altera_tse_mdio_cntl.v" is an OpenCore Plus time-limited file. Remove the unlicensed cores or obtain a license for those OpenCore Plus time-limited IP cores used in the design. The Intel FPGA Knowledge Database contains many articles with specific details on how to resolve this error. Visit the Knowledge Database at https://www.altera.com/support/support-resources/knowledge-base/search.html and search for this specific error message number.
Error (204012): Can't generate netlist output files because the file "C:/Users/asus/Desktop/NSD_FINAL/final_tcp_hw/synthesis/submodules/altera_tse_host_control.v" is an OpenCore Plus time-limited file. Remove the unlicensed cores or obtain a license for those OpenCore Plus time-limited IP cores used in the design. The Intel FPGA Knowledge Database contains many articles with specific details on how to resolve this error. Visit the Knowledge Database at https://www.altera.com/support/support-resources/knowledge-base/search.html and search for this specific error message number.
Error (204012): Can't generate netlist output files because the file "C:/Users/asus/Desktop/NSD_FINAL/final_tcp_hw/synthesis/submodules/altera_tse_mdio.v" is an OpenCore Plus time-limited file. Remove the unlicensed cores or obtain a license for those OpenCore Plus time-limited IP cores used in the design. The Intel FPGA Knowledge Database contains many articles with specific details on how to resolve this error. Visit the Knowledge Database at https://www.altera.com/support/support-resources/knowledge-base/search.html and search for this specific error message number.
Error (204012): Can't generate netlist output files because the file "C:/Users/asus/Desktop/NSD_FINAL/final_tcp_hw/synthesis/submodules/altera_tse_tx_stat_extract.v" is an OpenCore Plus time-limited file. Remove the unlicensed cores or obtain a license for those OpenCore Plus time-limited IP cores used in the design. The Intel FPGA Knowledge Database contains many articles with specific details on how to resolve this error. Visit the Knowledge Database at https://www.altera.com/support/support-resources/knowledge-base/search.html and search for this specific error message number.
Error (204012): Can't generate netlist output files because the file "C:/Users/asus/Desktop/NSD_FINAL/final_tcp_hw/synthesis/submodules/final_tcp_hw_nios2_cpu.v" is an OpenCore Plus time-limited file. Remove the unlicensed cores or obtain a license for those OpenCore Plus time-limited IP cores used in the design. The Intel FPGA Knowledge Database contains many articles with specific details on how to resolve this error. Visit the Knowledge Database at https://www.altera.com/support/support-resources/knowledge-base/search.html and search for this specific error message number.
Error (204012): Can't generate netlist output files because the file "C:/Users/asus/Desktop/NSD_FINAL/final_tcp_hw/synthesis/submodules/altera_tse_dpram_8x32.v" is an OpenCore Plus time-limited file. Remove the unlicensed cores or obtain a license for those OpenCore Plus time-limited IP cores used in the design. The Intel FPGA Knowledge Database contains many articles with specific details on how to resolve this error. Visit the Knowledge Database at https://www.altera.com/support/support-resources/knowledge-base/search.html and search for this specific error message number.
Error (204012): Can't generate netlist output files because the file "C:/Users/asus/Desktop/NSD_FINAL/final_tcp_hw/synthesis/submodules/altera_tse_bin_cnt.v" is an OpenCore Plus time-limited file. Remove the unlicensed cores or obtain a license for those OpenCore Plus time-limited IP cores used in the design. The Intel FPGA Knowledge Database contains many articles with specific details on how to resolve this error. Visit the Knowledge Database at https://www.altera.com/support/support-resources/knowledge-base/search.html and search for this specific error message number.
Error (204012): Can't generate netlist output files because the file "C:/Users/asus/Desktop/NSD_FINAL/final_tcp_hw/synthesis/submodules/altera_tse_mii_tx_if.v" is an OpenCore Plus time-limited file. Remove the unlicensed cores or obtain a license for those OpenCore Plus time-limited IP cores used in the design. The Intel FPGA Knowledge Database contains many articles with specific details on how to resolve this error. Visit the Knowledge Database at https://www.altera.com/support/support-resources/knowledge-base/search.html and search for this specific error message number.
Error (204012): Can't generate netlist output files because the file "C:/Users/asus/Desktop/NSD_FINAL/final_tcp_hw/synthesis/submodules/altera_tse_rx_stat_extract.v" is an OpenCore Plus time-limited file. Remove the unlicensed cores or obtain a license for those OpenCore Plus time-limited IP cores used in the design. The Intel FPGA Knowledge Database contains many articles with specific details on how to resolve this error. Visit the Knowledge Database at https://www.altera.com/support/support-resources/knowledge-base/search.html and search for this specific error message number.
Error (204012): Can't generate netlist output files because the file "C:/Users/asus/Desktop/NSD_FINAL/final_tcp_hw/synthesis/submodules/altera_tse_a_fifo_opt_1246.v" is an OpenCore Plus time-limited file. Remove the unlicensed cores or obtain a license for those OpenCore Plus time-limited IP cores used in the design. The Intel FPGA Knowledge Database contains many articles with specific details on how to resolve this error. Visit the Knowledge Database at https://www.altera.com/support/support-resources/knowledge-base/search.html and search for this specific error message number.
Error (204012): Can't generate netlist output files because the file "C:/Users/asus/Desktop/NSD_FINAL/final_tcp_hw/synthesis/submodules/altera_tse_register_map.v" is an OpenCore Plus time-limited file. Remove the unlicensed cores or obtain a license for those OpenCore Plus time-limited IP cores used in the design. The Intel FPGA Knowledge Database contains many articles with specific details on how to resolve this error. Visit the Knowledge Database at https://www.altera.com/support/support-resources/knowledge-base/search.html and search for this specific error message number.
Error (204012): Can't generate netlist output files because the file "C:/Users/asus/Desktop/NSD_FINAL/final_tcp_hw/synthesis/submodules/altera_tse_clk_cntl.v" is an OpenCore Plus time-limited file. Remove the unlicensed cores or obtain a license for those OpenCore Plus time-limited IP cores used in the design. The Intel FPGA Knowledge Database contains many articles with specific details on how to resolve this error. Visit the Knowledge Database at https://www.altera.com/support/support-resources/knowledge-base/search.html and search for this specific error message number.
Error (204012): Can't generate netlist output files because the file "C:/Users/asus/Desktop/NSD_FINAL/final_tcp_hw/synthesis/submodules/altera_tse_mdio_clk_gen.v" is an OpenCore Plus time-limited file. Remove the unlicensed cores or obtain a license for those OpenCore Plus time-limited IP cores used in the design. The Intel FPGA Knowledge Database contains many articles with specific details on how to resolve this error. Visit the Knowledge Database at https://www.altera.com/support/support-resources/knowledge-base/search.html and search for this specific error message number.
Error (204012): Can't generate netlist output files because the file "C:/Users/asus/Desktop/NSD_FINAL/final_tcp_hw/synthesis/submodules/altera_tse_lfsr_10.v" is an OpenCore Plus time-limited file. Remove the unlicensed cores or obtain a license for those OpenCore Plus time-limited IP cores used in the design. The Intel FPGA Knowledge Database contains many articles with specific details on how to resolve this error. Visit the Knowledge Database at https://www.altera.com/support/support-resources/knowledge-base/search.html and search for this specific error message number.
Error (204012): Can't generate netlist output files because the file "C:/Users/asus/Desktop/NSD_FINAL/final_tcp_hw/synthesis/submodules/altera_tse_a_fifo_34.v" is an OpenCore Plus time-limited file. Remove the unlicensed cores or obtain a license for those OpenCore Plus time-limited IP cores used in the design. The Intel FPGA Knowledge Database contains many articles with specific details on how to resolve this error. Visit the Knowledge Database at https://www.altera.com/support/support-resources/knowledge-base/search.html and search for this specific error message number.
Error (204012): Can't generate netlist output files because the file "C:/Users/asus/Desktop/NSD_FINAL/final_tcp_hw/synthesis/submodules/altera_tse_altshifttaps.v" is an OpenCore Plus time-limited file. Remove the unlicensed cores or obtain a license for those OpenCore Plus time-limited IP cores used in the design. The Intel FPGA Knowledge Database contains many articles with specific details on how to resolve this error. Visit the Knowledge Database at https://www.altera.com/support/support-resources/knowledge-base/search.html and search for this specific error message number.
Error (204012): Can't generate netlist output files because the file "C:/Users/asus/Desktop/NSD_FINAL/final_tcp_hw/synthesis/submodules/altera_tse_rx_counter_cntl.v" is an OpenCore Plus time-limited file. Remove the unlicensed cores or obtain a license for those OpenCore Plus time-limited IP cores used in the design. The Intel FPGA Knowledge Database contains many articles with specific details on how to resolve this error. Visit the Knowledge Database at https://www.altera.com/support/support-resources/knowledge-base/search.html and search for this specific error message number.
Error (204012): Can't generate netlist output files because the file "C:/Users/asus/Desktop/NSD_FINAL/final_tcp_hw/synthesis/submodules/altera_tse_altsyncram_dpm_fifo.v" is an OpenCore Plus time-limited file. Remove the unlicensed cores or obtain a license for those OpenCore Plus time-limited IP cores used in the design. The Intel FPGA Knowledge Database contains many articles with specific details on how to resolve this error. Visit the Knowledge Database at https://www.altera.com/support/support-resources/knowledge-base/search.html and search for this specific error message number.
Error (204012): Can't generate netlist output files because the file "C:/Users/asus/Desktop/NSD_FINAL/final_tcp_hw/synthesis/submodules/altera_tse_tx_counter_cntl.v" is an OpenCore Plus time-limited file. Remove the unlicensed cores or obtain a license for those OpenCore Plus time-limited IP cores used in the design. The Intel FPGA Knowledge Database contains many articles with specific details on how to resolve this error. Visit the Knowledge Database at https://www.altera.com/support/support-resources/knowledge-base/search.html and search for this specific error message number.
Error (204012): Can't generate netlist output files because the file "C:/Users/asus/Desktop/NSD_FINAL/final_tcp_hw/synthesis/submodules/altera_tse_top_w_fifo.v" is an OpenCore Plus time-limited file. Remove the unlicensed cores or obtain a license for those OpenCore Plus time-limited IP cores used in the design. The Intel FPGA Knowledge Database contains many articles with specific details on how to resolve this error. Visit the Knowledge Database at https://www.altera.com/support/support-resources/knowledge-base/search.html and search for this specific error message number.
Error (204012): Can't generate netlist output files because the file "C:/Users/asus/Desktop/NSD_FINAL/final_tcp_hw/synthesis/submodules/altera_tse_crc328checker.v" is an OpenCore Plus time-limited file. Remove the unlicensed cores or obtain a license for those OpenCore Plus time-limited IP cores used in the design. The Intel FPGA Knowledge Database contains many articles with specific details on how to resolve this error. Visit the Knowledge Database at https://www.altera.com/support/support-resources/knowledge-base/search.html and search for this specific error message number.
Error (204012): Can't generate netlist output files because the file "C:/Users/asus/Desktop/NSD_FINAL/final_tcp_hw/synthesis/submodules/altera_tse_mii_rx_if.v" is an OpenCore Plus time-limited file. Remove the unlicensed cores or obtain a license for those OpenCore Plus time-limited IP cores used in the design. The Intel FPGA Knowledge Database contains many articles with specific details on how to resolve this error. Visit the Knowledge Database at https://www.altera.com/support/support-resources/knowledge-base/search.html and search for this specific error message number.
Error (204012): Can't generate netlist output files because the file "C:/Users/asus/Desktop/NSD_FINAL/final_tcp_hw/synthesis/submodules/altera_tse_top_1geth.v" is an OpenCore Plus time-limited file. Remove the unlicensed cores or obtain a license for those OpenCore Plus time-limited IP cores used in the design. The Intel FPGA Knowledge Database contains many articles with specific details on how to resolve this error. Visit the Knowledge Database at https://www.altera.com/support/support-resources/knowledge-base/search.html and search for this specific error message number.
Error (204012): Can't generate netlist output files because the file "C:/Users/asus/Desktop/NSD_FINAL/final_tcp_hw/synthesis/submodules/altera_tse_rx_min_ff.v" is an OpenCore Plus time-limited file. Remove the unlicensed cores or obtain a license for those OpenCore Plus time-limited IP cores used in the design. The Intel FPGA Knowledge Database contains many articles with specific details on how to resolve this error. Visit the Knowledge Database at https://www.altera.com/support/support-resources/knowledge-base/search.html and search for this specific error message number.
Error (204012): Can't generate netlist output files because the file "C:/Users/asus/Desktop/NSD_FINAL/final_tcp_hw/synthesis/submodules/altera_tse_mac_control.v" is an OpenCore Plus time-limited file. Remove the unlicensed cores or obtain a license for those OpenCore Plus time-limited IP cores used in the design. The Intel FPGA Knowledge Database contains many articles with specific details on how to resolve this error. Visit the Knowledge Database at https://www.altera.com/support/support-resources/knowledge-base/search.html and search for this specific error message number.
Error (204012): Can't generate netlist output files because the file "C:/Users/asus/Desktop/NSD_FINAL/final_tcp_hw/synthesis/submodules/altera_tse_top_w_fifo_10_100_1000.v" is an OpenCore Plus time-limited file. Remove the unlicensed cores or obtain a license for those OpenCore Plus time-limited IP cores used in the design. The Intel FPGA Knowledge Database contains many articles with specific details on how to resolve this error. Visit the Knowledge Database at https://www.altera.com/support/support-resources/knowledge-base/search.html and search for this specific error message number.
Error (204012): Can't generate netlist output files because the file "C:/Users/asus/Desktop/NSD_FINAL/final_tcp_hw/synthesis/submodules/altera_tse_a_fifo_13.v" is an OpenCore Plus time-limited file. Remove the unlicensed cores or obtain a license for those OpenCore Plus time-limited IP cores used in the design. The Intel FPGA Knowledge Database contains many articles with specific details on how to resolve this error. Visit the Knowledge Database at https://www.altera.com/support/support-resources/knowledge-base/search.html and search for this specific error message number.
Error (204012): Can't generate netlist output files because the file "C:/Users/asus/Desktop/NSD_FINAL/final_tcp_hw/synthesis/submodules/altera_tse_top_mdio.v" is an OpenCore Plus time-limited file. Remove the unlicensed cores or obtain a license for those OpenCore Plus time-limited IP cores used in the design. The Intel FPGA Knowledge Database contains many articles with specific details on how to resolve this error. Visit the Knowledge Database at https://www.altera.com/support/support-resources/knowledge-base/search.html and search for this specific error message number.
Error (204012): Can't generate netlist output files because the file "C:/Users/asus/Desktop/NSD_FINAL/final_tcp_hw/synthesis/submodules/altera_tse_retransmit_cntl.v" is an OpenCore Plus time-limited file. Remove the unlicensed cores or obtain a license for those OpenCore Plus time-limited IP cores used in the design. The Intel FPGA Knowledge Database contains many articles with specific details on how to resolve this error. Visit the Knowledge Database at https://www.altera.com/support/support-resources/knowledge-base/search.html and search for this specific error message number.
Error (204009): Can't generate netlist output files because the license for encrypted file "C:/Users/asus/Desktop/NSD_FINAL/final_tcp_hw/synthesis/submodules/altera_tse_mac_tx.v" is not available
Error (204009): Can't generate netlist output files because the license for encrypted file "C:/Users/asus/Desktop/NSD_FINAL/final_tcp_hw/synthesis/submodules/altera_tse_dpram_16x32.v" is not available
Error (204009): Can't generate netlist output files because the license for encrypted file "C:/Users/asus/Desktop/NSD_FINAL/final_tcp_hw/synthesis/submodules/altera_tse_crc32galois8.v" is not available
Error (204009): Can't generate netlist output files because the license for encrypted file "C:/Users/asus/Desktop/NSD_FINAL/final_tcp_hw/synthesis/submodules/altera_tse_gray_cnt.v" is not available
Error (204009): Can't generate netlist output files because the license for encrypted file "C:/Users/asus/Desktop/NSD_FINAL/final_tcp_hw/synthesis/submodules/altera_tse_crc328generator.v" is not available
Error (204009): Can't generate netlist output files because the license for encrypted file "C:/Users/asus/Desktop/NSD_FINAL/final_tcp_hw/synthesis/submodules/altera_tse_clock_crosser.v" is not available
Error (204009): Can't generate netlist output files because the license for encrypted file "C:/Users/asus/Desktop/NSD_FINAL/final_tcp_hw/synthesis/submodules/altera_tse_tx_min_ff.v" is not available
Error (204009): Can't generate netlist output files because the license for encrypted file "C:/Users/asus/Desktop/NSD_FINAL/final_tcp_hw/synthesis/submodules/altera_tse_gmii_io.v" is not available
Error (204009): Can't generate netlist output files because the license for encrypted file "C:/Users/asus/Desktop/NSD_FINAL/final_tcp_hw/synthesis/submodules/altera_tse_mac_rx.v" is not available
Error (204009): Can't generate netlist output files because the license for encrypted file "C:/Users/asus/Desktop/NSD_FINAL/final_tcp_hw/synthesis/submodules/altera_eth_tse_mac.v" is not available
Error (204009): Can't generate netlist output files because the license for encrypted file "C:/Users/asus/Desktop/NSD_FINAL/final_tcp_hw/synthesis/submodules/altera_tse_crc32ctl8.v" is not available
Error (204009): Can't generate netlist output files because the license for encrypted file "C:/Users/asus/Desktop/NSD_FINAL/final_tcp_hw/synthesis/submodules/altera_tse_mdio_cntl.v" is not available
Error (204009): Can't generate netlist output files because the license for encrypted file "C:/Users/asus/Desktop/NSD_FINAL/final_tcp_hw/synthesis/submodules/altera_tse_host_control.v" is not available
Error (204009): Can't generate netlist output files because the license for encrypted file "C:/Users/asus/Desktop/NSD_FINAL/final_tcp_hw/synthesis/submodules/altera_tse_mdio.v" is not available
Error (204009): Can't generate netlist output files because the license for encrypted file "C:/Users/asus/Desktop/NSD_FINAL/final_tcp_hw/synthesis/submodules/altera_tse_tx_stat_extract.v" is not available
Error (204009): Can't generate netlist output files because the license for encrypted file "C:/Users/asus/Desktop/NSD_FINAL/final_tcp_hw/synthesis/submodules/final_tcp_hw_nios2_cpu.v" is not available
Error (204009): Can't generate netlist output files because the license for encrypted file "C:/Users/asus/Desktop/NSD_FINAL/final_tcp_hw/synthesis/submodules/altera_tse_dpram_8x32.v" is not available
Error (204009): Can't generate netlist output files because the license for encrypted file "C:/Users/asus/Desktop/NSD_FINAL/final_tcp_hw/synthesis/submodules/altera_tse_bin_cnt.v" is not available
Error (204009): Can't generate netlist output files because the license for encrypted file "C:/Users/asus/Desktop/NSD_FINAL/final_tcp_hw/synthesis/submodules/altera_tse_mii_tx_if.v" is not available
Error (204009): Can't generate netlist output files because the license for encrypted file "C:/Users/asus/Desktop/NSD_FINAL/final_tcp_hw/synthesis/submodules/altera_tse_rx_stat_extract.v" is not available
Error (204009): Can't generate netlist output files because the license for encrypted file "C:/Users/asus/Desktop/NSD_FINAL/final_tcp_hw/synthesis/submodules/altera_tse_a_fifo_opt_1246.v" is not available
Error (204009): Can't generate netlist output files because the license for encrypted file "C:/Users/asus/Desktop/NSD_FINAL/final_tcp_hw/synthesis/submodules/altera_tse_register_map.v" is not available
Error (204009): Can't generate netlist output files because the license for encrypted file "C:/Users/asus/Desktop/NSD_FINAL/final_tcp_hw/synthesis/submodules/altera_tse_clk_cntl.v" is not available
Error (204009): Can't generate netlist output files because the license for encrypted file "C:/Users/asus/Desktop/NSD_FINAL/final_tcp_hw/synthesis/submodules/altera_tse_mdio_clk_gen.v" is not available
Error (204009): Can't generate netlist output files because the license for encrypted file "C:/Users/asus/Desktop/NSD_FINAL/final_tcp_hw/synthesis/submodules/altera_tse_lfsr_10.v" is not available
Error (204009): Can't generate netlist output files because the license for encrypted file "C:/Users/asus/Desktop/NSD_FINAL/final_tcp_hw/synthesis/submodules/altera_tse_a_fifo_34.v" is not available
Error (204009): Can't generate netlist output files because the license for encrypted file "C:/Users/asus/Desktop/NSD_FINAL/final_tcp_hw/synthesis/submodules/altera_tse_altshifttaps.v" is not available
Error (204009): Can't generate netlist output files because the license for encrypted file "C:/Users/asus/Desktop/NSD_FINAL/final_tcp_hw/synthesis/submodules/altera_tse_rx_counter_cntl.v" is not available
Error (204009): Can't generate netlist output files because the license for encrypted file "C:/Users/asus/Desktop/NSD_FINAL/final_tcp_hw/synthesis/submodules/altera_tse_altsyncram_dpm_fifo.v" is not available
Error (204009): Can't generate netlist output files because the license for encrypted file "C:/Users/asus/Desktop/NSD_FINAL/final_tcp_hw/synthesis/submodules/altera_tse_tx_counter_cntl.v" is not available
Error (204009): Can't generate netlist output files because the license for encrypted file "C:/Users/asus/Desktop/NSD_FINAL/final_tcp_hw/synthesis/submodules/altera_tse_top_w_fifo.v" is not available
Error (204009): Can't generate netlist output files because the license for encrypted file "C:/Users/asus/Desktop/NSD_FINAL/final_tcp_hw/synthesis/submodules/altera_tse_crc328checker.v" is not available
Error (204009): Can't generate netlist output files because the license for encrypted file "C:/Users/asus/Desktop/NSD_FINAL/final_tcp_hw/synthesis/submodules/altera_tse_mii_rx_if.v" is not available
Error (204009): Can't generate netlist output files because the license for encrypted file "C:/Users/asus/Desktop/NSD_FINAL/final_tcp_hw/synthesis/submodules/altera_tse_top_1geth.v" is not available
Error (204009): Can't generate netlist output files because the license for encrypted file "C:/Users/asus/Desktop/NSD_FINAL/final_tcp_hw/synthesis/submodules/altera_tse_rx_min_ff.v" is not available
Error (204009): Can't generate netlist output files because the license for encrypted file "C:/Users/asus/Desktop/NSD_FINAL/final_tcp_hw/synthesis/submodules/altera_tse_mac_control.v" is not available
Error (204009): Can't generate netlist output files because the license for encrypted file "C:/Users/asus/Desktop/NSD_FINAL/final_tcp_hw/synthesis/submodules/altera_tse_top_w_fifo_10_100_1000.v" is not available
Error (204009): Can't generate netlist output files because the license for encrypted file "C:/Users/asus/Desktop/NSD_FINAL/final_tcp_hw/synthesis/submodules/altera_tse_a_fifo_13.v" is not available
Error (204009): Can't generate netlist output files because the license for encrypted file "C:/Users/asus/Desktop/NSD_FINAL/final_tcp_hw/synthesis/submodules/altera_tse_top_mdio.v" is not available
Error (204009): Can't generate netlist output files because the license for encrypted file "C:/Users/asus/Desktop/NSD_FINAL/final_tcp_hw/synthesis/submodules/altera_tse_retransmit_cntl.v" is not available
Error (204012): Can't generate netlist output files because the file "C:/Users/asus/Desktop/NSD_FINAL/final_tcp_hw/synthesis/submodules/altera_tse_mac_tx.v" is an OpenCore Plus time-limited file. Remove the unlicensed cores or obtain a license for those OpenCore Plus time-limited IP cores used in the design. The Intel FPGA Knowledge Database contains many articles with specific details on how to resolve this error. Visit the Knowledge Database at https://www.altera.com/support/support-resources/knowledge-base/search.html and search for this specific error message number.
Error (204012): Can't generate netlist output files because the file "C:/Users/asus/Desktop/NSD_FINAL/final_tcp_hw/synthesis/submodules/altera_tse_dpram_16x32.v" is an OpenCore Plus time-limited file. Remove the unlicensed cores or obtain a license for those OpenCore Plus time-limited IP cores used in the design. The Intel FPGA Knowledge Database contains many articles with specific details on how to resolve this error. Visit the Knowledge Database at https://www.altera.com/support/support-resources/knowledge-base/search.html and search for this specific error message number.
Error (204012): Can't generate netlist output files because the file "C:/Users/asus/Desktop/NSD_FINAL/final_tcp_hw/synthesis/submodules/altera_tse_crc32galois8.v" is an OpenCore Plus time-limited file. Remove the unlicensed cores or obtain a license for those OpenCore Plus time-limited IP cores used in the design. The Intel FPGA Knowledge Database contains many articles with specific details on how to resolve this error. Visit the Knowledge Database at https://www.altera.com/support/support-resources/knowledge-base/search.html and search for this specific error message number.
Error (204012): Can't generate netlist output files because the file "C:/Users/asus/Desktop/NSD_FINAL/final_tcp_hw/synthesis/submodules/altera_tse_gray_cnt.v" is an OpenCore Plus time-limited file. Remove the unlicensed cores or obtain a license for those OpenCore Plus time-limited IP cores used in the design. The Intel FPGA Knowledge Database contains many articles with specific details on how to resolve this error. Visit the Knowledge Database at https://www.altera.com/support/support-resources/knowledge-base/search.html and search for this specific error message number.
Error (204012): Can't generate netlist output files because the file "C:/Users/asus/Desktop/NSD_FINAL/final_tcp_hw/synthesis/submodules/altera_tse_crc328generator.v" is an OpenCore Plus time-limited file. Remove the unlicensed cores or obtain a license for those OpenCore Plus time-limited IP cores used in the design. The Intel FPGA Knowledge Database contains many articles with specific details on how to resolve this error. Visit the Knowledge Database at https://www.altera.com/support/support-resources/knowledge-base/search.html and search for this specific error message number.
Error (204012): Can't generate netlist output files because the file "C:/Users/asus/Desktop/NSD_FINAL/final_tcp_hw/synthesis/submodules/altera_tse_clock_crosser.v" is an OpenCore Plus time-limited file. Remove the unlicensed cores or obtain a license for those OpenCore Plus time-limited IP cores used in the design. The Intel FPGA Knowledge Database contains many articles with specific details on how to resolve this error. Visit the Knowledge Database at https://www.altera.com/support/support-resources/knowledge-base/search.html and search for this specific error message number.
Error (204012): Can't generate netlist output files because the file "C:/Users/asus/Desktop/NSD_FINAL/final_tcp_hw/synthesis/submodules/altera_tse_tx_min_ff.v" is an OpenCore Plus time-limited file. Remove the unlicensed cores or obtain a license for those OpenCore Plus time-limited IP cores used in the design. The Intel FPGA Knowledge Database contains many articles with specific details on how to resolve this error. Visit the Knowledge Database at https://www.altera.com/support/support-resources/knowledge-base/search.html and search for this specific error message number.
Error (204012): Can't generate netlist output files because the file "C:/Users/asus/Desktop/NSD_FINAL/final_tcp_hw/synthesis/submodules/altera_tse_gmii_io.v" is an OpenCore Plus time-limited file. Remove the unlicensed cores or obtain a license for those OpenCore Plus time-limited IP cores used in the design. The Intel FPGA Knowledge Database contains many articles with specific details on how to resolve this error. Visit the Knowledge Database at https://www.altera.com/support/support-resources/knowledge-base/search.html and search for this specific error message number.
Error (204012): Can't generate netlist output files because the file "C:/Users/asus/Desktop/NSD_FINAL/final_tcp_hw/synthesis/submodules/altera_tse_mac_rx.v" is an OpenCore Plus time-limited file. Remove the unlicensed cores or obtain a license for those OpenCore Plus time-limited IP cores used in the design. The Intel FPGA Knowledge Database contains many articles with specific details on how to resolve this error. Visit the Knowledge Database at https://www.altera.com/support/support-resources/knowledge-base/search.html and search for this specific error message number.
Error (204012): Can't generate netlist output files because the file "C:/Users/asus/Desktop/NSD_FINAL/final_tcp_hw/synthesis/submodules/altera_eth_tse_mac.v" is an OpenCore Plus time-limited file. Remove the unlicensed cores or obtain a license for those OpenCore Plus time-limited IP cores used in the design. The Intel FPGA Knowledge Database contains many articles with specific details on how to resolve this error. Visit the Knowledge Database at https://www.altera.com/support/support-resources/knowledge-base/search.html and search for this specific error message number.
Error (204012): Can't generate netlist output files because the file "C:/Users/asus/Desktop/NSD_FINAL/final_tcp_hw/synthesis/submodules/altera_tse_crc32ctl8.v" is an OpenCore Plus time-limited file. Remove the unlicensed cores or obtain a license for those OpenCore Plus time-limited IP cores used in the design. The Intel FPGA Knowledge Database contains many articles with specific details on how to resolve this error. Visit the Knowledge Database at https://www.altera.com/support/support-resources/knowledge-base/search.html and search for this specific error message number.
Error (204012): Can't generate netlist output files because the file "C:/Users/asus/Desktop/NSD_FINAL/final_tcp_hw/synthesis/submodules/altera_tse_mdio_cntl.v" is an OpenCore Plus time-limited file. Remove the unlicensed cores or obtain a license for those OpenCore Plus time-limited IP cores used in the design. The Intel FPGA Knowledge Database contains many articles with specific details on how to resolve this error. Visit the Knowledge Database at https://www.altera.com/support/support-resources/knowledge-base/search.html and search for this specific error message number.
Error (204012): Can't generate netlist output files because the file "C:/Users/asus/Desktop/NSD_FINAL/final_tcp_hw/synthesis/submodules/altera_tse_host_control.v" is an OpenCore Plus time-limited file. Remove the unlicensed cores or obtain a license for those OpenCore Plus time-limited IP cores used in the design. The Intel FPGA Knowledge Database contains many articles with specific details on how to resolve this error. Visit the Knowledge Database at https://www.altera.com/support/support-resources/knowledge-base/search.html and search for this specific error message number.
Error (204012): Can't generate netlist output files because the file "C:/Users/asus/Desktop/NSD_FINAL/final_tcp_hw/synthesis/submodules/altera_tse_mdio.v" is an OpenCore Plus time-limited file. Remove the unlicensed cores or obtain a license for those OpenCore Plus time-limited IP cores used in the design. The Intel FPGA Knowledge Database contains many articles with specific details on how to resolve this error. Visit the Knowledge Database at https://www.altera.com/support/support-resources/knowledge-base/search.html and search for this specific error message number.
Error (204012): Can't generate netlist output files because the file "C:/Users/asus/Desktop/NSD_FINAL/final_tcp_hw/synthesis/submodules/altera_tse_tx_stat_extract.v" is an OpenCore Plus time-limited file. Remove the unlicensed cores or obtain a license for those OpenCore Plus time-limited IP cores used in the design. The Intel FPGA Knowledge Database contains many articles with specific details on how to resolve this error. Visit the Knowledge Database at https://www.altera.com/support/support-resources/knowledge-base/search.html and search for this specific error message number.
Error (204012): Can't generate netlist output files because the file "C:/Users/asus/Desktop/NSD_FINAL/final_tcp_hw/synthesis/submodules/final_tcp_hw_nios2_cpu.v" is an OpenCore Plus time-limited file. Remove the unlicensed cores or obtain a license for those OpenCore Plus time-limited IP cores used in the design. The Intel FPGA Knowledge Database contains many articles with specific details on how to resolve this error. Visit the Knowledge Database at https://www.altera.com/support/support-resources/knowledge-base/search.html and search for this specific error message number.
Error (204012): Can't generate netlist output files because the file "C:/Users/asus/Desktop/NSD_FINAL/final_tcp_hw/synthesis/submodules/altera_tse_dpram_8x32.v" is an OpenCore Plus time-limited file. Remove the unlicensed cores or obtain a license for those OpenCore Plus time-limited IP cores used in the design. The Intel FPGA Knowledge Database contains many articles with specific details on how to resolve this error. Visit the Knowledge Database at https://www.altera.com/support/support-resources/knowledge-base/search.html and search for this specific error message number.
Error (204012): Can't generate netlist output files because the file "C:/Users/asus/Desktop/NSD_FINAL/final_tcp_hw/synthesis/submodules/altera_tse_bin_cnt.v" is an OpenCore Plus time-limited file. Remove the unlicensed cores or obtain a license for those OpenCore Plus time-limited IP cores used in the design. The Intel FPGA Knowledge Database contains many articles with specific details on how to resolve this error. Visit the Knowledge Database at https://www.altera.com/support/support-resources/knowledge-base/search.html and search for this specific error message number.
Error (204012): Can't generate netlist output files because the file "C:/Users/asus/Desktop/NSD_FINAL/final_tcp_hw/synthesis/submodules/altera_tse_mii_tx_if.v" is an OpenCore Plus time-limited file. Remove the unlicensed cores or obtain a license for those OpenCore Plus time-limited IP cores used in the design. The Intel FPGA Knowledge Database contains many articles with specific details on how to resolve this error. Visit the Knowledge Database at https://www.altera.com/support/support-resources/knowledge-base/search.html and search for this specific error message number.
Error (204012): Can't generate netlist output files because the file "C:/Users/asus/Desktop/NSD_FINAL/final_tcp_hw/synthesis/submodules/altera_tse_rx_stat_extract.v" is an OpenCore Plus time-limited file. Remove the unlicensed cores or obtain a license for those OpenCore Plus time-limited IP cores used in the design. The Intel FPGA Knowledge Database contains many articles with specific details on how to resolve this error. Visit the Knowledge Database at https://www.altera.com/support/support-resources/knowledge-base/search.html and search for this specific error message number.
Error (204012): Can't generate netlist output files because the file "C:/Users/asus/Desktop/NSD_FINAL/final_tcp_hw/synthesis/submodules/altera_tse_a_fifo_opt_1246.v" is an OpenCore Plus time-limited file. Remove the unlicensed cores or obtain a license for those OpenCore Plus time-limited IP cores used in the design. The Intel FPGA Knowledge Database contains many articles with specific details on how to resolve this error. Visit the Knowledge Database at https://www.altera.com/support/support-resources/knowledge-base/search.html and search for this specific error message number.
Error (204012): Can't generate netlist output files because the file "C:/Users/asus/Desktop/NSD_FINAL/final_tcp_hw/synthesis/submodules/altera_tse_register_map.v" is an OpenCore Plus time-limited file. Remove the unlicensed cores or obtain a license for those OpenCore Plus time-limited IP cores used in the design. The Intel FPGA Knowledge Database contains many articles with specific details on how to resolve this error. Visit the Knowledge Database at https://www.altera.com/support/support-resources/knowledge-base/search.html and search for this specific error message number.
Error (204012): Can't generate netlist output files because the file "C:/Users/asus/Desktop/NSD_FINAL/final_tcp_hw/synthesis/submodules/altera_tse_clk_cntl.v" is an OpenCore Plus time-limited file. Remove the unlicensed cores or obtain a license for those OpenCore Plus time-limited IP cores used in the design. The Intel FPGA Knowledge Database contains many articles with specific details on how to resolve this error. Visit the Knowledge Database at https://www.altera.com/support/support-resources/knowledge-base/search.html and search for this specific error message number.
Error (204012): Can't generate netlist output files because the file "C:/Users/asus/Desktop/NSD_FINAL/final_tcp_hw/synthesis/submodules/altera_tse_mdio_clk_gen.v" is an OpenCore Plus time-limited file. Remove the unlicensed cores or obtain a license for those OpenCore Plus time-limited IP cores used in the design. The Intel FPGA Knowledge Database contains many articles with specific details on how to resolve this error. Visit the Knowledge Database at https://www.altera.com/support/support-resources/knowledge-base/search.html and search for this specific error message number.
Error (204012): Can't generate netlist output files because the file "C:/Users/asus/Desktop/NSD_FINAL/final_tcp_hw/synthesis/submodules/altera_tse_lfsr_10.v" is an OpenCore Plus time-limited file. Remove the unlicensed cores or obtain a license for those OpenCore Plus time-limited IP cores used in the design. The Intel FPGA Knowledge Database contains many articles with specific details on how to resolve this error. Visit the Knowledge Database at https://www.altera.com/support/support-resources/knowledge-base/search.html and search for this specific error message number.
Error (204012): Can't generate netlist output files because the file "C:/Users/asus/Desktop/NSD_FINAL/final_tcp_hw/synthesis/submodules/altera_tse_a_fifo_34.v" is an OpenCore Plus time-limited file. Remove the unlicensed cores or obtain a license for those OpenCore Plus time-limited IP cores used in the design. The Intel FPGA Knowledge Database contains many articles with specific details on how to resolve this error. Visit the Knowledge Database at https://www.altera.com/support/support-resources/knowledge-base/search.html and search for this specific error message number.
Error (204012): Can't generate netlist output files because the file "C:/Users/asus/Desktop/NSD_FINAL/final_tcp_hw/synthesis/submodules/altera_tse_altshifttaps.v" is an OpenCore Plus time-limited file. Remove the unlicensed cores or obtain a license for those OpenCore Plus time-limited IP cores used in the design. The Intel FPGA Knowledge Database contains many articles with specific details on how to resolve this error. Visit the Knowledge Database at https://www.altera.com/support/support-resources/knowledge-base/search.html and search for this specific error message number.
Error (204012): Can't generate netlist output files because the file "C:/Users/asus/Desktop/NSD_FINAL/final_tcp_hw/synthesis/submodules/altera_tse_rx_counter_cntl.v" is an OpenCore Plus time-limited file. Remove the unlicensed cores or obtain a license for those OpenCore Plus time-limited IP cores used in the design. The Intel FPGA Knowledge Database contains many articles with specific details on how to resolve this error. Visit the Knowledge Database at https://www.altera.com/support/support-resources/knowledge-base/search.html and search for this specific error message number.
Error (204012): Can't generate netlist output files because the file "C:/Users/asus/Desktop/NSD_FINAL/final_tcp_hw/synthesis/submodules/altera_tse_altsyncram_dpm_fifo.v" is an OpenCore Plus time-limited file. Remove the unlicensed cores or obtain a license for those OpenCore Plus time-limited IP cores used in the design. The Intel FPGA Knowledge Database contains many articles with specific details on how to resolve this error. Visit the Knowledge Database at https://www.altera.com/support/support-resources/knowledge-base/search.html and search for this specific error message number.
Error (204012): Can't generate netlist output files because the file "C:/Users/asus/Desktop/NSD_FINAL/final_tcp_hw/synthesis/submodules/altera_tse_tx_counter_cntl.v" is an OpenCore Plus time-limited file. Remove the unlicensed cores or obtain a license for those OpenCore Plus time-limited IP cores used in the design. The Intel FPGA Knowledge Database contains many articles with specific details on how to resolve this error. Visit the Knowledge Database at https://www.altera.com/support/support-resources/knowledge-base/search.html and search for this specific error message number.
Error (204012): Can't generate netlist output files because the file "C:/Users/asus/Desktop/NSD_FINAL/final_tcp_hw/synthesis/submodules/altera_tse_top_w_fifo.v" is an OpenCore Plus time-limited file. Remove the unlicensed cores or obtain a license for those OpenCore Plus time-limited IP cores used in the design. The Intel FPGA Knowledge Database contains many articles with specific details on how to resolve this error. Visit the Knowledge Database at https://www.altera.com/support/support-resources/knowledge-base/search.html and search for this specific error message number.
Error (204012): Can't generate netlist output files because the file "C:/Users/asus/Desktop/NSD_FINAL/final_tcp_hw/synthesis/submodules/altera_tse_crc328checker.v" is an OpenCore Plus time-limited file. Remove the unlicensed cores or obtain a license for those OpenCore Plus time-limited IP cores used in the design. The Intel FPGA Knowledge Database contains many articles with specific details on how to resolve this error. Visit the Knowledge Database at https://www.altera.com/support/support-resources/knowledge-base/search.html and search for this specific error message number.
Error (204012): Can't generate netlist output files because the file "C:/Users/asus/Desktop/NSD_FINAL/final_tcp_hw/synthesis/submodules/altera_tse_mii_rx_if.v" is an OpenCore Plus time-limited file. Remove the unlicensed cores or obtain a license for those OpenCore Plus time-limited IP cores used in the design. The Intel FPGA Knowledge Database contains many articles with specific details on how to resolve this error. Visit the Knowledge Database at https://www.altera.com/support/support-resources/knowledge-base/search.html and search for this specific error message number.
Error (204012): Can't generate netlist output files because the file "C:/Users/asus/Desktop/NSD_FINAL/final_tcp_hw/synthesis/submodules/altera_tse_top_1geth.v" is an OpenCore Plus time-limited file. Remove the unlicensed cores or obtain a license for those OpenCore Plus time-limited IP cores used in the design. The Intel FPGA Knowledge Database contains many articles with specific details on how to resolve this error. Visit the Knowledge Database at https://www.altera.com/support/support-resources/knowledge-base/search.html and search for this specific error message number.
Error (204012): Can't generate netlist output files because the file "C:/Users/asus/Desktop/NSD_FINAL/final_tcp_hw/synthesis/submodules/altera_tse_rx_min_ff.v" is an OpenCore Plus time-limited file. Remove the unlicensed cores or obtain a license for those OpenCore Plus time-limited IP cores used in the design. The Intel FPGA Knowledge Database contains many articles with specific details on how to resolve this error. Visit the Knowledge Database at https://www.altera.com/support/support-resources/knowledge-base/search.html and search for this specific error message number.
Error (204012): Can't generate netlist output files because the file "C:/Users/asus/Desktop/NSD_FINAL/final_tcp_hw/synthesis/submodules/altera_tse_mac_control.v" is an OpenCore Plus time-limited file. Remove the unlicensed cores or obtain a license for those OpenCore Plus time-limited IP cores used in the design. The Intel FPGA Knowledge Database contains many articles with specific details on how to resolve this error. Visit the Knowledge Database at https://www.altera.com/support/support-resources/knowledge-base/search.html and search for this specific error message number.
Error (204012): Can't generate netlist output files because the file "C:/Users/asus/Desktop/NSD_FINAL/final_tcp_hw/synthesis/submodules/altera_tse_top_w_fifo_10_100_1000.v" is an OpenCore Plus time-limited file. Remove the unlicensed cores or obtain a license for those OpenCore Plus time-limited IP cores used in the design. The Intel FPGA Knowledge Database contains many articles with specific details on how to resolve this error. Visit the Knowledge Database at https://www.altera.com/support/support-resources/knowledge-base/search.html and search for this specific error message number.
Error (204012): Can't generate netlist output files because the file "C:/Users/asus/Desktop/NSD_FINAL/final_tcp_hw/synthesis/submodules/altera_tse_a_fifo_13.v" is an OpenCore Plus time-limited file. Remove the unlicensed cores or obtain a license for those OpenCore Plus time-limited IP cores used in the design. The Intel FPGA Knowledge Database contains many articles with specific details on how to resolve this error. Visit the Knowledge Database at https://www.altera.com/support/support-resources/knowledge-base/search.html and search for this specific error message number.
Error (204012): Can't generate netlist output files because the file "C:/Users/asus/Desktop/NSD_FINAL/final_tcp_hw/synthesis/submodules/altera_tse_top_mdio.v" is an OpenCore Plus time-limited file. Remove the unlicensed cores or obtain a license for those OpenCore Plus time-limited IP cores used in the design. The Intel FPGA Knowledge Database contains many articles with specific details on how to resolve this error. Visit the Knowledge Database at https://www.altera.com/support/support-resources/knowledge-base/search.html and search for this specific error message number.
Error (204012): Can't generate netlist output files because the file "C:/Users/asus/Desktop/NSD_FINAL/final_tcp_hw/synthesis/submodules/altera_tse_retransmit_cntl.v" is an OpenCore Plus time-limited file. Remove the unlicensed cores or obtain a license for those OpenCore Plus time-limited IP cores used in the design. The Intel FPGA Knowledge Database contains many articles with specific details on how to resolve this error. Visit the Knowledge Database at https://www.altera.com/support/support-resources/knowledge-base/search.html and search for this specific error message number.
Error (204009): Can't generate netlist output files because the license for encrypted file "C:/Users/asus/Desktop/NSD_FINAL/final_tcp_hw/synthesis/submodules/altera_tse_mac_tx.v" is not available
Error (204009): Can't generate netlist output files because the license for encrypted file "C:/Users/asus/Desktop/NSD_FINAL/final_tcp_hw/synthesis/submodules/altera_tse_dpram_16x32.v" is not available
Error (204009): Can't generate netlist output files because the license for encrypted file "C:/Users/asus/Desktop/NSD_FINAL/final_tcp_hw/synthesis/submodules/altera_tse_crc32galois8.v" is not available
Error (204009): Can't generate netlist output files because the license for encrypted file "C:/Users/asus/Desktop/NSD_FINAL/final_tcp_hw/synthesis/submodules/altera_tse_gray_cnt.v" is not available
Error (204009): Can't generate netlist output files because the license for encrypted file "C:/Users/asus/Desktop/NSD_FINAL/final_tcp_hw/synthesis/submodules/altera_tse_crc328generator.v" is not available
Error (204009): Can't generate netlist output files because the license for encrypted file "C:/Users/asus/Desktop/NSD_FINAL/final_tcp_hw/synthesis/submodules/altera_tse_clock_crosser.v" is not available
Error (204009): Can't generate netlist output files because the license for encrypted file "C:/Users/asus/Desktop/NSD_FINAL/final_tcp_hw/synthesis/submodules/altera_tse_tx_min_ff.v" is not available
Error (204009): Can't generate netlist output files because the license for encrypted file "C:/Users/asus/Desktop/NSD_FINAL/final_tcp_hw/synthesis/submodules/altera_tse_gmii_io.v" is not available
Error (204009): Can't generate netlist output files because the license for encrypted file "C:/Users/asus/Desktop/NSD_FINAL/final_tcp_hw/synthesis/submodules/altera_tse_mac_rx.v" is not available
Error (204009): Can't generate netlist output files because the license for encrypted file "C:/Users/asus/Desktop/NSD_FINAL/final_tcp_hw/synthesis/submodules/altera_eth_tse_mac.v" is not available
Error (204009): Can't generate netlist output files because the license for encrypted file "C:/Users/asus/Desktop/NSD_FINAL/final_tcp_hw/synthesis/submodules/altera_tse_crc32ctl8.v" is not available
Error (204009): Can't generate netlist output files because the license for encrypted file "C:/Users/asus/Desktop/NSD_FINAL/final_tcp_hw/synthesis/submodules/altera_tse_mdio_cntl.v" is not available
Error (204009): Can't generate netlist output files because the license for encrypted file "C:/Users/asus/Desktop/NSD_FINAL/final_tcp_hw/synthesis/submodules/altera_tse_host_control.v" is not available
Error (204009): Can't generate netlist output files because the license for encrypted file "C:/Users/asus/Desktop/NSD_FINAL/final_tcp_hw/synthesis/submodules/altera_tse_mdio.v" is not available
Error (204009): Can't generate netlist output files because the license for encrypted file "C:/Users/asus/Desktop/NSD_FINAL/final_tcp_hw/synthesis/submodules/altera_tse_tx_stat_extract.v" is not available
Error (204009): Can't generate netlist output files because the license for encrypted file "C:/Users/asus/Desktop/NSD_FINAL/final_tcp_hw/synthesis/submodules/final_tcp_hw_nios2_cpu.v" is not available
Error (204009): Can't generate netlist output files because the license for encrypted file "C:/Users/asus/Desktop/NSD_FINAL/final_tcp_hw/synthesis/submodules/altera_tse_dpram_8x32.v" is not available
Error (204009): Can't generate netlist output files because the license for encrypted file "C:/Users/asus/Desktop/NSD_FINAL/final_tcp_hw/synthesis/submodules/altera_tse_bin_cnt.v" is not available
Error (204009): Can't generate netlist output files because the license for encrypted file "C:/Users/asus/Desktop/NSD_FINAL/final_tcp_hw/synthesis/submodules/altera_tse_mii_tx_if.v" is not available
Error (204009): Can't generate netlist output files because the license for encrypted file "C:/Users/asus/Desktop/NSD_FINAL/final_tcp_hw/synthesis/submodules/altera_tse_rx_stat_extract.v" is not available
Error (204009): Can't generate netlist output files because the license for encrypted file "C:/Users/asus/Desktop/NSD_FINAL/final_tcp_hw/synthesis/submodules/altera_tse_a_fifo_opt_1246.v" is not available
Error (204009): Can't generate netlist output files because the license for encrypted file "C:/Users/asus/Desktop/NSD_FINAL/final_tcp_hw/synthesis/submodules/altera_tse_register_map.v" is not available
Error (204009): Can't generate netlist output files because the license for encrypted file "C:/Users/asus/Desktop/NSD_FINAL/final_tcp_hw/synthesis/submodules/altera_tse_clk_cntl.v" is not available
Error (204009): Can't generate netlist output files because the license for encrypted file "C:/Users/asus/Desktop/NSD_FINAL/final_tcp_hw/synthesis/submodules/altera_tse_mdio_clk_gen.v" is not available
Error (204009): Can't generate netlist output files because the license for encrypted file "C:/Users/asus/Desktop/NSD_FINAL/final_tcp_hw/synthesis/submodules/altera_tse_lfsr_10.v" is not available
Error (204009): Can't generate netlist output files because the license for encrypted file "C:/Users/asus/Desktop/NSD_FINAL/final_tcp_hw/synthesis/submodules/altera_tse_a_fifo_34.v" is not available
Error (204009): Can't generate netlist output files because the license for encrypted file "C:/Users/asus/Desktop/NSD_FINAL/final_tcp_hw/synthesis/submodules/altera_tse_altshifttaps.v" is not available
Error (204009): Can't generate netlist output files because the license for encrypted file "C:/Users/asus/Desktop/NSD_FINAL/final_tcp_hw/synthesis/submodules/altera_tse_rx_counter_cntl.v" is not available
Error (204009): Can't generate netlist output files because the license for encrypted file "C:/Users/asus/Desktop/NSD_FINAL/final_tcp_hw/synthesis/submodules/altera_tse_altsyncram_dpm_fifo.v" is not available
Error (204009): Can't generate netlist output files because the license for encrypted file "C:/Users/asus/Desktop/NSD_FINAL/final_tcp_hw/synthesis/submodules/altera_tse_tx_counter_cntl.v" is not available
Error (204009): Can't generate netlist output files because the license for encrypted file "C:/Users/asus/Desktop/NSD_FINAL/final_tcp_hw/synthesis/submodules/altera_tse_top_w_fifo.v" is not available
Error (204009): Can't generate netlist output files because the license for encrypted file "C:/Users/asus/Desktop/NSD_FINAL/final_tcp_hw/synthesis/submodules/altera_tse_crc328checker.v" is not available
Error (204009): Can't generate netlist output files because the license for encrypted file "C:/Users/asus/Desktop/NSD_FINAL/final_tcp_hw/synthesis/submodules/altera_tse_mii_rx_if.v" is not available
Error (204009): Can't generate netlist output files because the license for encrypted file "C:/Users/asus/Desktop/NSD_FINAL/final_tcp_hw/synthesis/submodules/altera_tse_top_1geth.v" is not available
Error (204009): Can't generate netlist output files because the license for encrypted file "C:/Users/asus/Desktop/NSD_FINAL/final_tcp_hw/synthesis/submodules/altera_tse_rx_min_ff.v" is not available
Error (204009): Can't generate netlist output files because the license for encrypted file "C:/Users/asus/Desktop/NSD_FINAL/final_tcp_hw/synthesis/submodules/altera_tse_mac_control.v" is not available
Error (204009): Can't generate netlist output files because the license for encrypted file "C:/Users/asus/Desktop/NSD_FINAL/final_tcp_hw/synthesis/submodules/altera_tse_top_w_fifo_10_100_1000.v" is not available
Error (204009): Can't generate netlist output files because the license for encrypted file "C:/Users/asus/Desktop/NSD_FINAL/final_tcp_hw/synthesis/submodules/altera_tse_a_fifo_13.v" is not available
Error (204009): Can't generate netlist output files because the license for encrypted file "C:/Users/asus/Desktop/NSD_FINAL/final_tcp_hw/synthesis/submodules/altera_tse_top_mdio.v" is not available
Error (204009): Can't generate netlist output files because the license for encrypted file "C:/Users/asus/Desktop/NSD_FINAL/final_tcp_hw/synthesis/submodules/altera_tse_retransmit_cntl.v" is not available
Error: Quartus Prime EDA Netlist Writer was unsuccessful. 240 errors, 1 warning
    Error: Peak virtual memory: 718 megabytes
    Error: Processing ended: Sat Dec 02 02:53:58 2017
    Error: Elapsed time: 00:00:11
    Error: Total CPU time (on all processors): 00:00:11


